

Started GET "/" for 127.0.0.1 at 2015-01-28 17:41:30 -0300

ActiveRecord::PendingMigrationError (

Migrations are pending. To resolve this issue, run:

	bin/rake db:migrate RAILS_ENV=development

):
  activerecord (4.2.0) lib/active_record/migration.rb:393:in `check_pending!'
  activerecord (4.2.0) lib/active_record/migration.rb:374:in `call'
  actionpack (4.2.0) lib/action_dispatch/middleware/callbacks.rb:29:in `block in call'
  activesupport (4.2.0) lib/active_support/callbacks.rb:88:in `call'
  activesupport (4.2.0) lib/active_support/callbacks.rb:88:in `_run_callbacks'
  activesupport (4.2.0) lib/active_support/callbacks.rb:734:in `_run_call_callbacks'
  activesupport (4.2.0) lib/active_support/callbacks.rb:81:in `run_callbacks'
  actionpack (4.2.0) lib/action_dispatch/middleware/callbacks.rb:27:in `call'
  actionpack (4.2.0) lib/action_dispatch/middleware/reloader.rb:73:in `call'
  actionpack (4.2.0) lib/action_dispatch/middleware/remote_ip.rb:78:in `call'
  web-console (2.0.0) lib/action_dispatch/debug_exceptions.rb:18:in `middleware_call'
  web-console (2.0.0) lib/action_dispatch/debug_exceptions.rb:13:in `call'
  actionpack (4.2.0) lib/action_dispatch/middleware/show_exceptions.rb:30:in `call'
  railties (4.2.0) lib/rails/rack/logger.rb:38:in `call_app'
  railties (4.2.0) lib/rails/rack/logger.rb:20:in `block in call'
  activesupport (4.2.0) lib/active_support/tagged_logging.rb:68:in `block in tagged'
  activesupport (4.2.0) lib/active_support/tagged_logging.rb:26:in `tagged'
  activesupport (4.2.0) lib/active_support/tagged_logging.rb:68:in `tagged'
  railties (4.2.0) lib/rails/rack/logger.rb:20:in `call'
  actionpack (4.2.0) lib/action_dispatch/middleware/request_id.rb:21:in `call'
  rack (1.6.0) lib/rack/methodoverride.rb:22:in `call'
  rack (1.6.0) lib/rack/runtime.rb:18:in `call'
  activesupport (4.2.0) lib/active_support/cache/strategy/local_cache_middleware.rb:28:in `call'
  rack (1.6.0) lib/rack/lock.rb:17:in `call'
  actionpack (4.2.0) lib/action_dispatch/middleware/static.rb:113:in `call'
  rack (1.6.0) lib/rack/sendfile.rb:113:in `call'
  railties (4.2.0) lib/rails/engine.rb:518:in `call'
  railties (4.2.0) lib/rails/application.rb:164:in `call'
  rack (1.6.0) lib/rack/lock.rb:17:in `call'
  rack (1.6.0) lib/rack/content_length.rb:15:in `call'
  rack (1.6.0) lib/rack/handler/webrick.rb:89:in `service'
  /System/Library/Frameworks/Ruby.framework/Versions/2.0/usr/lib/ruby/2.0.0/webrick/httpserver.rb:138:in `service'
  /System/Library/Frameworks/Ruby.framework/Versions/2.0/usr/lib/ruby/2.0.0/webrick/httpserver.rb:94:in `run'
  /System/Library/Frameworks/Ruby.framework/Versions/2.0/usr/lib/ruby/2.0.0/webrick/server.rb:295:in `block in start_thread'


  Rendered /Library/Ruby/Gems/2.0.0/gems/web-console-2.0.0/lib/action_dispatch/templates/rescues/_source.erb (3.9ms)
  Rendered /Library/Ruby/Gems/2.0.0/gems/web-console-2.0.0/lib/action_dispatch/templates/rescues/_trace.html.erb (1.6ms)
  Rendered /Library/Ruby/Gems/2.0.0/gems/web-console-2.0.0/lib/action_dispatch/templates/rescues/_request_and_response.html.erb (0.8ms)
  Rendered /Library/Ruby/Gems/2.0.0/gems/web-console-2.0.0/lib/action_dispatch/templates/rescues/_web_console.html.erb (0.9ms)
  Rendered /Library/Ruby/Gems/2.0.0/gems/web-console-2.0.0/lib/action_dispatch/templates/rescues/diagnostics.html.erb within rescues/layout (27.9ms)


Started GET "/documents" for 127.0.0.1 at 2015-01-28 17:41:30 -0300

ActiveRecord::PendingMigrationError (

Migrations are pending. To resolve this issue, run:

	bin/rake db:migrate RAILS_ENV=development

):
  activerecord (4.2.0) lib/active_record/migration.rb:393:in `check_pending!'
  activerecord (4.2.0) lib/active_record/migration.rb:374:in `call'
  actionpack (4.2.0) lib/action_dispatch/middleware/callbacks.rb:29:in `block in call'
  activesupport (4.2.0) lib/active_support/callbacks.rb:88:in `call'
  activesupport (4.2.0) lib/active_support/callbacks.rb:88:in `_run_callbacks'
  activesupport (4.2.0) lib/active_support/callbacks.rb:734:in `_run_call_callbacks'
  activesupport (4.2.0) lib/active_support/callbacks.rb:81:in `run_callbacks'
  actionpack (4.2.0) lib/action_dispatch/middleware/callbacks.rb:27:in `call'
  actionpack (4.2.0) lib/action_dispatch/middleware/reloader.rb:73:in `call'
  actionpack (4.2.0) lib/action_dispatch/middleware/remote_ip.rb:78:in `call'
  web-console (2.0.0) lib/action_dispatch/debug_exceptions.rb:18:in `middleware_call'
  web-console (2.0.0) lib/action_dispatch/debug_exceptions.rb:13:in `call'
  actionpack (4.2.0) lib/action_dispatch/middleware/show_exceptions.rb:30:in `call'
  railties (4.2.0) lib/rails/rack/logger.rb:38:in `call_app'
  railties (4.2.0) lib/rails/rack/logger.rb:20:in `block in call'
  activesupport (4.2.0) lib/active_support/tagged_logging.rb:68:in `block in tagged'
  activesupport (4.2.0) lib/active_support/tagged_logging.rb:26:in `tagged'
  activesupport (4.2.0) lib/active_support/tagged_logging.rb:68:in `tagged'
  railties (4.2.0) lib/rails/rack/logger.rb:20:in `call'
  actionpack (4.2.0) lib/action_dispatch/middleware/request_id.rb:21:in `call'
  rack (1.6.0) lib/rack/methodoverride.rb:22:in `call'
  rack (1.6.0) lib/rack/runtime.rb:18:in `call'
  activesupport (4.2.0) lib/active_support/cache/strategy/local_cache_middleware.rb:28:in `call'
  rack (1.6.0) lib/rack/lock.rb:17:in `call'
  actionpack (4.2.0) lib/action_dispatch/middleware/static.rb:113:in `call'
  rack (1.6.0) lib/rack/sendfile.rb:113:in `call'
  railties (4.2.0) lib/rails/engine.rb:518:in `call'
  railties (4.2.0) lib/rails/application.rb:164:in `call'
  rack (1.6.0) lib/rack/lock.rb:17:in `call'
  rack (1.6.0) lib/rack/content_length.rb:15:in `call'
  rack (1.6.0) lib/rack/handler/webrick.rb:89:in `service'
  /System/Library/Frameworks/Ruby.framework/Versions/2.0/usr/lib/ruby/2.0.0/webrick/httpserver.rb:138:in `service'
  /System/Library/Frameworks/Ruby.framework/Versions/2.0/usr/lib/ruby/2.0.0/webrick/httpserver.rb:94:in `run'
  /System/Library/Frameworks/Ruby.framework/Versions/2.0/usr/lib/ruby/2.0.0/webrick/server.rb:295:in `block in start_thread'


  Rendered /Library/Ruby/Gems/2.0.0/gems/web-console-2.0.0/lib/action_dispatch/templates/rescues/_source.erb (3.5ms)
  Rendered /Library/Ruby/Gems/2.0.0/gems/web-console-2.0.0/lib/action_dispatch/templates/rescues/_trace.html.erb (1.6ms)
  Rendered /Library/Ruby/Gems/2.0.0/gems/web-console-2.0.0/lib/action_dispatch/templates/rescues/_request_and_response.html.erb (0.7ms)
  Rendered /Library/Ruby/Gems/2.0.0/gems/web-console-2.0.0/lib/action_dispatch/templates/rescues/_web_console.html.erb (0.8ms)
  Rendered /Library/Ruby/Gems/2.0.0/gems/web-console-2.0.0/lib/action_dispatch/templates/rescues/diagnostics.html.erb within rescues/layout (20.5ms)
  [1m[36m (1.2ms)[0m  [1mCREATE TABLE "schema_migrations" ("version" varchar NOT NULL) [0m
  [1m[35m (0.1ms)[0m  select sqlite_version(*)
  [1m[36m (0.9ms)[0m  [1mCREATE UNIQUE INDEX "unique_schema_migrations" ON "schema_migrations" ("version")[0m
  [1m[35mActiveRecord::SchemaMigration Load (0.1ms)[0m  SELECT "schema_migrations".* FROM "schema_migrations"
Migrating to CreateDocuments (20150128204102)
  [1m[36m (0.1ms)[0m  [1mbegin transaction[0m
  [1m[35m (0.5ms)[0m  CREATE TABLE "documents" ("id" INTEGER PRIMARY KEY AUTOINCREMENT NOT NULL, "name" varchar, "created_at" datetime NOT NULL, "updated_at" datetime NOT NULL) 
  [1m[36mSQL (0.2ms)[0m  [1mINSERT INTO "schema_migrations" ("version") VALUES (?)[0m  [["version", "20150128204102"]]
  [1m[35m (0.7ms)[0m  commit transaction
  [1m[36mActiveRecord::SchemaMigration Load (0.1ms)[0m  [1mSELECT "schema_migrations".* FROM "schema_migrations"[0m


Started GET "/documents" for 127.0.0.1 at 2015-01-28 17:42:33 -0300
  [1m[36mActiveRecord::SchemaMigration Load (0.1ms)[0m  [1mSELECT "schema_migrations".* FROM "schema_migrations"[0m
Processing by DocumentsController#index as HTML
  [1m[35mDocument Load (0.1ms)[0m  SELECT "documents".* FROM "documents"
  Rendered documents/index.html.erb within layouts/application (1.6ms)
Completed 200 OK in 807ms (Views: 785.8ms | ActiveRecord: 0.2ms)


Started GET "/assets/documents-64e62ddc273c2f5847f30d698ca14b67.css?body=1" for 127.0.0.1 at 2015-01-28 17:42:34 -0300


Started GET "/assets/scaffolds-f1d74901dce8fe520be7eeb093537d7a.css?body=1" for 127.0.0.1 at 2015-01-28 17:42:34 -0300


Started GET "/assets/application-441649a4a54bd47e6fd48afe3a47ed49.css?body=1" for 127.0.0.1 at 2015-01-28 17:42:34 -0300


Started GET "/assets/jquery_ujs-e27bd20a10d28155845a22d71ef94f2f.js?body=1" for 127.0.0.1 at 2015-01-28 17:42:34 -0300


Started GET "/assets/jquery-87424c3c19e96d4fb033c10ebe21ec40.js?body=1" for 127.0.0.1 at 2015-01-28 17:42:34 -0300


Started GET "/assets/documents-fcec5b5a277ac7c20cc9f45a209a3bcd.js?body=1" for 127.0.0.1 at 2015-01-28 17:42:34 -0300


Started GET "/assets/turbolinks-686d2bf7d9d383528c901c64187a8c31.js?body=1" for 127.0.0.1 at 2015-01-28 17:42:34 -0300


Started GET "/assets/application-e93ffa4c2db8481b68b569045c04c777.js?body=1" for 127.0.0.1 at 2015-01-28 17:42:34 -0300
  [1m[36mActiveRecord::SchemaMigration Load (0.1ms)[0m  [1mSELECT "schema_migrations".* FROM "schema_migrations"[0m
Migrating to AddDocumentToDocuments (20150128204435)
  [1m[35m (0.1ms)[0m  begin transaction
  [1m[36m (1.3ms)[0m  [1mALTER TABLE "documents" ADD "document" varchar[0m
  [1m[35mSQL (0.2ms)[0m  INSERT INTO "schema_migrations" ("version") VALUES (?)  [["version", "20150128204435"]]
  [1m[36m (0.7ms)[0m  [1mcommit transaction[0m
  [1m[35mActiveRecord::SchemaMigration Load (0.1ms)[0m  SELECT "schema_migrations".* FROM "schema_migrations"


Started GET "/documents/new" for 127.0.0.1 at 2015-01-28 17:45:59 -0300
  [1m[36mActiveRecord::SchemaMigration Load (0.1ms)[0m  [1mSELECT "schema_migrations".* FROM "schema_migrations"[0m
Processing by DocumentsController#new as HTML
Completed 500 Internal Server Error in 3ms

NameError (uninitialized constant Document::DocumentUploader):
  app/models/document.rb:2:in `<class:Document>'
  app/models/document.rb:1:in `<top (required)>'
  app/controllers/documents_controller.rb:17:in `new'


  Rendered /Library/Ruby/Gems/2.0.0/gems/web-console-2.0.0/lib/action_dispatch/templates/rescues/_source.erb (6.3ms)
  Rendered /Library/Ruby/Gems/2.0.0/gems/web-console-2.0.0/lib/action_dispatch/templates/rescues/_trace.html.erb (2.5ms)
  Rendered /Library/Ruby/Gems/2.0.0/gems/web-console-2.0.0/lib/action_dispatch/templates/rescues/_request_and_response.html.erb (0.7ms)
  Rendered /Library/Ruby/Gems/2.0.0/gems/web-console-2.0.0/lib/action_dispatch/templates/rescues/_web_console.html.erb (0.8ms)
  Rendered /Library/Ruby/Gems/2.0.0/gems/web-console-2.0.0/lib/action_dispatch/templates/rescues/diagnostics.html.erb within rescues/layout (23.1ms)


Started GET "/documents/new" for 127.0.0.1 at 2015-01-28 17:45:59 -0300
Processing by DocumentsController#new as HTML
Completed 500 Internal Server Error in 3ms

NameError (uninitialized constant Document::DocumentUploader):
  app/models/document.rb:2:in `<class:Document>'
  app/models/document.rb:1:in `<top (required)>'
  app/controllers/documents_controller.rb:17:in `new'


  Rendered /Library/Ruby/Gems/2.0.0/gems/web-console-2.0.0/lib/action_dispatch/templates/rescues/_source.erb (6.0ms)
  Rendered /Library/Ruby/Gems/2.0.0/gems/web-console-2.0.0/lib/action_dispatch/templates/rescues/_trace.html.erb (2.3ms)
  Rendered /Library/Ruby/Gems/2.0.0/gems/web-console-2.0.0/lib/action_dispatch/templates/rescues/_request_and_response.html.erb (0.7ms)
  Rendered /Library/Ruby/Gems/2.0.0/gems/web-console-2.0.0/lib/action_dispatch/templates/rescues/_web_console.html.erb (0.8ms)
  Rendered /Library/Ruby/Gems/2.0.0/gems/web-console-2.0.0/lib/action_dispatch/templates/rescues/diagnostics.html.erb within rescues/layout (22.4ms)


Started GET "/documents/new" for 127.0.0.1 at 2015-01-28 17:46:11 -0300
  [1m[36mActiveRecord::SchemaMigration Load (0.1ms)[0m  [1mSELECT "schema_migrations".* FROM "schema_migrations"[0m
Processing by DocumentsController#new as HTML
Completed 500 Internal Server Error in 20ms

NameError (uninitialized constant Document::DocumentUploader):
  app/models/document.rb:2:in `<class:Document>'
  app/models/document.rb:1:in `<top (required)>'
  app/controllers/documents_controller.rb:17:in `new'


  Rendered /Library/Ruby/Gems/2.0.0/gems/web-console-2.0.0/lib/action_dispatch/templates/rescues/_source.erb (6.3ms)
  Rendered /Library/Ruby/Gems/2.0.0/gems/web-console-2.0.0/lib/action_dispatch/templates/rescues/_trace.html.erb (2.3ms)
  Rendered /Library/Ruby/Gems/2.0.0/gems/web-console-2.0.0/lib/action_dispatch/templates/rescues/_request_and_response.html.erb (0.8ms)
  Rendered /Library/Ruby/Gems/2.0.0/gems/web-console-2.0.0/lib/action_dispatch/templates/rescues/_web_console.html.erb (0.8ms)
  Rendered /Library/Ruby/Gems/2.0.0/gems/web-console-2.0.0/lib/action_dispatch/templates/rescues/diagnostics.html.erb within rescues/layout (23.4ms)


Started GET "/documents/new" for 127.0.0.1 at 2015-01-28 17:46:35 -0300
Processing by DocumentsController#new as HTML
  Rendered documents/_form.html.erb (1.0ms)
  Rendered documents/new.html.erb within layouts/application (5.8ms)
Completed 500 Internal Server Error in 19ms

SyntaxError (/Users/pablojacobi/Desktop/SuperExcel/app/views/documents/_form.html.erb:1: syntax error, unexpected =>, expecting keyword_end
...  form_for(@document), :html => {:multipart => true}  do |f|...
...                               ^
/Users/pablojacobi/Desktop/SuperExcel/app/views/documents/_form.html.erb:1: syntax error, unexpected keyword_do_block, expecting keyword_end
...tml => {:multipart => true}  do |f| @output_buffer.safe_appe...
...                               ^
/Users/pablojacobi/Desktop/SuperExcel/app/views/documents/_form.html.erb:23: syntax error, unexpected keyword_ensure, expecting end-of-input):
  app/views/documents/_form.html.erb:1: syntax error, unexpected =>, expecting keyword_end
  app/views/documents/_form.html.erb:1: syntax error, unexpected keyword_do_block, expecting keyword_end
  app/views/documents/_form.html.erb:23: syntax error, unexpected keyword_ensure, expecting end-of-input
  app/views/documents/new.html.erb:3:in `_app_views_documents_new_html_erb__2513071040999320241_70310159358240'


  Rendered /Library/Ruby/Gems/2.0.0/gems/web-console-2.0.0/lib/action_dispatch/templates/rescues/_source.erb (12.7ms)
  Rendered /Library/Ruby/Gems/2.0.0/gems/web-console-2.0.0/lib/action_dispatch/templates/rescues/_trace.html.erb (46.6ms)
  Rendered /Library/Ruby/Gems/2.0.0/gems/web-console-2.0.0/lib/action_dispatch/templates/rescues/_request_and_response.html.erb (1.2ms)
  Rendered /Library/Ruby/Gems/2.0.0/gems/web-console-2.0.0/lib/action_dispatch/templates/rescues/_web_console.html.erb (1.1ms)
  Rendered /Library/Ruby/Gems/2.0.0/gems/web-console-2.0.0/lib/action_dispatch/templates/rescues/diagnostics.html.erb within rescues/layout (77.5ms)


Started GET "/documents/new" for 127.0.0.1 at 2015-01-28 17:46:57 -0300
Processing by DocumentsController#new as HTML
  Rendered documents/_form.html.erb (18.2ms)
  Rendered documents/new.html.erb within layouts/application (19.4ms)
Completed 200 OK in 131ms (Views: 129.6ms | ActiveRecord: 0.0ms)


Started GET "/assets/documents-64e62ddc273c2f5847f30d698ca14b67.css?body=1" for 127.0.0.1 at 2015-01-28 17:46:57 -0300


Started GET "/assets/scaffolds-f1d74901dce8fe520be7eeb093537d7a.css?body=1" for 127.0.0.1 at 2015-01-28 17:46:57 -0300


Started GET "/assets/application-441649a4a54bd47e6fd48afe3a47ed49.css?body=1" for 127.0.0.1 at 2015-01-28 17:46:57 -0300


Started GET "/assets/jquery-87424c3c19e96d4fb033c10ebe21ec40.js?body=1" for 127.0.0.1 at 2015-01-28 17:46:57 -0300


Started GET "/assets/jquery_ujs-e27bd20a10d28155845a22d71ef94f2f.js?body=1" for 127.0.0.1 at 2015-01-28 17:46:57 -0300


Started GET "/assets/documents-fcec5b5a277ac7c20cc9f45a209a3bcd.js?body=1" for 127.0.0.1 at 2015-01-28 17:46:57 -0300


Started GET "/assets/application-e93ffa4c2db8481b68b569045c04c777.js?body=1" for 127.0.0.1 at 2015-01-28 17:46:57 -0300


Started GET "/assets/turbolinks-686d2bf7d9d383528c901c64187a8c31.js?body=1" for 127.0.0.1 at 2015-01-28 17:46:57 -0300


Started GET "/documents/new" for 127.0.0.1 at 2015-01-28 17:48:38 -0300
Processing by DocumentsController#new as HTML
  Rendered documents/_form.html.erb (6.0ms)
  Rendered documents/new.html.erb within layouts/application (7.2ms)
Completed 200 OK in 92ms (Views: 91.3ms | ActiveRecord: 0.0ms)


Started GET "/assets/documents-64e62ddc273c2f5847f30d698ca14b67.css?body=1" for 127.0.0.1 at 2015-01-28 17:48:38 -0300


Started GET "/assets/scaffolds-f1d74901dce8fe520be7eeb093537d7a.css?body=1" for 127.0.0.1 at 2015-01-28 17:48:38 -0300


Started GET "/assets/documents-fcec5b5a277ac7c20cc9f45a209a3bcd.js?body=1" for 127.0.0.1 at 2015-01-28 17:48:38 -0300


Started GET "/assets/application-441649a4a54bd47e6fd48afe3a47ed49.css?body=1" for 127.0.0.1 at 2015-01-28 17:48:38 -0300


Started GET "/assets/jquery-87424c3c19e96d4fb033c10ebe21ec40.js?body=1" for 127.0.0.1 at 2015-01-28 17:48:38 -0300


Started GET "/assets/jquery_ujs-e27bd20a10d28155845a22d71ef94f2f.js?body=1" for 127.0.0.1 at 2015-01-28 17:48:38 -0300


Started GET "/assets/application-e93ffa4c2db8481b68b569045c04c777.js?body=1" for 127.0.0.1 at 2015-01-28 17:48:38 -0300


Started GET "/assets/turbolinks-686d2bf7d9d383528c901c64187a8c31.js?body=1" for 127.0.0.1 at 2015-01-28 17:48:38 -0300


Started POST "/documents" for 127.0.0.1 at 2015-01-28 17:48:46 -0300
Processing by DocumentsController#create as HTML
  Parameters: {"utf8"=>"✓", "authenticity_token"=>"f8vKNQlUvgD6nWw1TYY/F2kmBGDyMx5YauJG1T/JYtB0Sl5SIBE/qjRSqGW2cjqA8qA+ZMtzTQiSLjzS0lVTfQ==", "document"=>{"name"=>"Hola", "document"=>#<ActionDispatch::Http::UploadedFile:0x007fe4b84f59d0 @tempfile=#<Tempfile:/var/folders/ql/dvgyp_b91kd6drhy1tl7hdzh0000gn/T/RackMultipart20150128-77219-jmencx.png>, @original_filename="Screen Shot 2015-01-27 at 9.21.25 PM.png", @content_type="image/png", @headers="Content-Disposition: form-data; name=\"document[document]\"; filename=\"Screen Shot 2015-01-27 at 9.21.25 PM.png\"\r\nContent-Type: image/png\r\n">, "document_cache"=>""}, "commit"=>"Create Document"}
Unpermitted parameters: document, document_cache
  [1m[35m (0.1ms)[0m  begin transaction
  [1m[36mSQL (0.4ms)[0m  [1mINSERT INTO "documents" ("name", "created_at", "updated_at") VALUES (?, ?, ?)[0m  [["name", "Hola"], ["created_at", "2015-01-28 20:48:46.803305"], ["updated_at", "2015-01-28 20:48:46.803305"]]
  [1m[35m (0.6ms)[0m  commit transaction
Redirected to http://0.0.0.0:3000/documents/1
Completed 302 Found in 7ms (ActiveRecord: 1.1ms)


Started GET "/documents/1" for 127.0.0.1 at 2015-01-28 17:48:46 -0300
Processing by DocumentsController#show as HTML
  Parameters: {"id"=>"1"}
  [1m[36mDocument Load (0.2ms)[0m  [1mSELECT  "documents".* FROM "documents" WHERE "documents"."id" = ? LIMIT 1[0m  [["id", 1]]
  Rendered documents/show.html.erb within layouts/application (0.9ms)
Completed 200 OK in 57ms (Views: 48.9ms | ActiveRecord: 0.2ms)


Started GET "/assets/documents-64e62ddc273c2f5847f30d698ca14b67.css?body=1" for 127.0.0.1 at 2015-01-28 17:48:46 -0300


Started GET "/assets/jquery-87424c3c19e96d4fb033c10ebe21ec40.js?body=1" for 127.0.0.1 at 2015-01-28 17:48:46 -0300


Started GET "/assets/jquery_ujs-e27bd20a10d28155845a22d71ef94f2f.js?body=1" for 127.0.0.1 at 2015-01-28 17:48:46 -0300


Started GET "/assets/scaffolds-f1d74901dce8fe520be7eeb093537d7a.css?body=1" for 127.0.0.1 at 2015-01-28 17:48:46 -0300


Started GET "/assets/turbolinks-686d2bf7d9d383528c901c64187a8c31.js?body=1" for 127.0.0.1 at 2015-01-28 17:48:46 -0300


Started GET "/assets/application-441649a4a54bd47e6fd48afe3a47ed49.css?body=1" for 127.0.0.1 at 2015-01-28 17:48:46 -0300


Started GET "/assets/documents-fcec5b5a277ac7c20cc9f45a209a3bcd.js?body=1" for 127.0.0.1 at 2015-01-28 17:48:46 -0300


Started GET "/assets/application-e93ffa4c2db8481b68b569045c04c777.js?body=1" for 127.0.0.1 at 2015-01-28 17:48:46 -0300


Started POST "/documents" for 127.0.0.1 at 2015-01-28 17:51:01 -0300
Processing by DocumentsController#create as HTML
  Parameters: {"utf8"=>"✓", "authenticity_token"=>"f8vKNQlUvgD6nWw1TYY/F2kmBGDyMx5YauJG1T/JYtB0Sl5SIBE/qjRSqGW2cjqA8qA+ZMtzTQiSLjzS0lVTfQ==", "document"=>{"name"=>"Hola", "document"=>#<ActionDispatch::Http::UploadedFile:0x007fe4b8424998 @tempfile=#<Tempfile:/var/folders/ql/dvgyp_b91kd6drhy1tl7hdzh0000gn/T/RackMultipart20150128-77219-1five8g.png>, @original_filename="Screen Shot 2015-01-27 at 9.21.25 PM.png", @content_type="image/png", @headers="Content-Disposition: form-data; name=\"document[document]\"; filename=\"Screen Shot 2015-01-27 at 9.21.25 PM.png\"\r\nContent-Type: image/png\r\n">, "document_cache"=>""}, "commit"=>"Create Document"}
  [1m[35m (0.1ms)[0m  begin transaction
  [1m[36mSQL (0.7ms)[0m  [1mINSERT INTO "documents" ("name", "document", "created_at", "updated_at") VALUES (?, ?, ?, ?)[0m  [["name", "Hola"], ["document", "Screen_Shot_2015-01-27_at_9.21.25_PM.png"], ["created_at", "2015-01-28 20:51:01.630733"], ["updated_at", "2015-01-28 20:51:01.630733"]]
  [1m[35m (0.6ms)[0m  commit transaction
Redirected to http://0.0.0.0:3000/documents/2
Completed 302 Found in 25ms (ActiveRecord: 2.0ms)


Started GET "/documents/2" for 127.0.0.1 at 2015-01-28 17:51:01 -0300
Processing by DocumentsController#show as HTML
  Parameters: {"id"=>"2"}
  [1m[36mDocument Load (0.2ms)[0m  [1mSELECT  "documents".* FROM "documents" WHERE "documents"."id" = ? LIMIT 1[0m  [["id", 2]]
  Rendered documents/show.html.erb within layouts/application (0.4ms)
Completed 200 OK in 91ms (Views: 89.1ms | ActiveRecord: 0.2ms)


Started GET "/assets/documents-64e62ddc273c2f5847f30d698ca14b67.css?body=1" for 127.0.0.1 at 2015-01-28 17:51:01 -0300


Started GET "/assets/scaffolds-f1d74901dce8fe520be7eeb093537d7a.css?body=1" for 127.0.0.1 at 2015-01-28 17:51:01 -0300


Started GET "/assets/application-441649a4a54bd47e6fd48afe3a47ed49.css?body=1" for 127.0.0.1 at 2015-01-28 17:51:01 -0300


Started GET "/assets/jquery-87424c3c19e96d4fb033c10ebe21ec40.js?body=1" for 127.0.0.1 at 2015-01-28 17:51:01 -0300


Started GET "/assets/documents-fcec5b5a277ac7c20cc9f45a209a3bcd.js?body=1" for 127.0.0.1 at 2015-01-28 17:51:01 -0300


Started GET "/assets/jquery_ujs-e27bd20a10d28155845a22d71ef94f2f.js?body=1" for 127.0.0.1 at 2015-01-28 17:51:01 -0300


Started GET "/assets/turbolinks-686d2bf7d9d383528c901c64187a8c31.js?body=1" for 127.0.0.1 at 2015-01-28 17:51:01 -0300


Started GET "/assets/application-e93ffa4c2db8481b68b569045c04c777.js?body=1" for 127.0.0.1 at 2015-01-28 17:51:01 -0300


Started GET "/documents" for 127.0.0.1 at 2015-01-28 17:51:09 -0300
Processing by DocumentsController#index as HTML
  [1m[35mDocument Load (0.2ms)[0m  SELECT "documents".* FROM "documents"
  Rendered documents/index.html.erb within layouts/application (2.7ms)
Completed 200 OK in 51ms (Views: 50.2ms | ActiveRecord: 0.2ms)


Started GET "/documents/2" for 127.0.0.1 at 2015-01-28 17:51:11 -0300
Processing by DocumentsController#show as HTML
  Parameters: {"id"=>"2"}
  [1m[36mDocument Load (0.1ms)[0m  [1mSELECT  "documents".* FROM "documents" WHERE "documents"."id" = ? LIMIT 1[0m  [["id", 2]]
  Rendered documents/show.html.erb within layouts/application (0.8ms)
Completed 200 OK in 94ms (Views: 92.5ms | ActiveRecord: 0.1ms)


Started GET "/documents/new" for 127.0.0.1 at 2015-01-28 17:52:05 -0300
Processing by DocumentsController#new as HTML
  Rendered documents/_form.html.erb (2.4ms)
  Rendered documents/new.html.erb within layouts/application (3.5ms)
Completed 200 OK in 61ms (Views: 52.2ms | ActiveRecord: 0.5ms)


Started GET "/assets/documents-64e62ddc273c2f5847f30d698ca14b67.css?body=1" for 127.0.0.1 at 2015-01-28 17:52:05 -0300


Started GET "/assets/documents-fcec5b5a277ac7c20cc9f45a209a3bcd.js?body=1" for 127.0.0.1 at 2015-01-28 17:52:05 -0300


Started GET "/assets/scaffolds-f1d74901dce8fe520be7eeb093537d7a.css?body=1" for 127.0.0.1 at 2015-01-28 17:52:05 -0300


Started GET "/assets/application-441649a4a54bd47e6fd48afe3a47ed49.css?body=1" for 127.0.0.1 at 2015-01-28 17:52:05 -0300


Started GET "/assets/application-e93ffa4c2db8481b68b569045c04c777.js?body=1" for 127.0.0.1 at 2015-01-28 17:52:05 -0300


Started GET "/assets/jquery-87424c3c19e96d4fb033c10ebe21ec40.js?body=1" for 127.0.0.1 at 2015-01-28 17:52:05 -0300


Started GET "/assets/jquery_ujs-e27bd20a10d28155845a22d71ef94f2f.js?body=1" for 127.0.0.1 at 2015-01-28 17:52:05 -0300


Started GET "/assets/turbolinks-686d2bf7d9d383528c901c64187a8c31.js?body=1" for 127.0.0.1 at 2015-01-28 17:52:05 -0300


Started POST "/documents" for 127.0.0.1 at 2015-01-28 17:52:06 -0300
Processing by DocumentsController#create as HTML
  Parameters: {"utf8"=>"✓", "authenticity_token"=>"Or6+McHsAzmqifNZ9xcgkbUFjFOL4GmXRBeKSMigaX0xPypW6KmCk2RGNwkM4yUGLoO2V7KgOse82/BPJTxY0A==", "document"=>{"name"=>"Hola", "document"=>#<ActionDispatch::Http::UploadedFile:0x007fe4b5e4b9d8 @tempfile=#<Tempfile:/var/folders/ql/dvgyp_b91kd6drhy1tl7hdzh0000gn/T/RackMultipart20150128-77219-148imot.png>, @original_filename="Screen Shot 2015-01-27 at 9.21.25 PM.png", @content_type="image/png", @headers="Content-Disposition: form-data; name=\"document[document]\"; filename=\"Screen Shot 2015-01-27 at 9.21.25 PM.png\"\r\nContent-Type: image/png\r\n">, "document_cache"=>""}, "commit"=>"Create Document"}
  [1m[35m (0.1ms)[0m  begin transaction
  [1m[36mSQL (0.3ms)[0m  [1mINSERT INTO "documents" ("name", "document", "created_at", "updated_at") VALUES (?, ?, ?, ?)[0m  [["name", "Hola"], ["document", "Screen_Shot_2015-01-27_at_9.21.25_PM.png"], ["created_at", "2015-01-28 20:52:06.585555"], ["updated_at", "2015-01-28 20:52:06.585555"]]
  [1m[35m (0.7ms)[0m  rollback transaction
Completed 500 Internal Server Error in 9ms

Errno::EACCES (Permission denied - /app):
  app/controllers/documents_controller.rb:30:in `block in create'
  app/controllers/documents_controller.rb:29:in `create'


  Rendered /Library/Ruby/Gems/2.0.0/gems/web-console-2.0.0/lib/action_dispatch/templates/rescues/_source.erb (10.8ms)
  Rendered /Library/Ruby/Gems/2.0.0/gems/web-console-2.0.0/lib/action_dispatch/templates/rescues/_trace.html.erb (3.1ms)
  Rendered /Library/Ruby/Gems/2.0.0/gems/web-console-2.0.0/lib/action_dispatch/templates/rescues/_request_and_response.html.erb (1.1ms)
  Rendered /Library/Ruby/Gems/2.0.0/gems/web-console-2.0.0/lib/action_dispatch/templates/rescues/_web_console.html.erb (1.1ms)
  Rendered /Library/Ruby/Gems/2.0.0/gems/web-console-2.0.0/lib/action_dispatch/templates/rescues/diagnostics.html.erb within rescues/layout (74.3ms)
